<?xml version="1.0" encoding="UTF-8"?>
<!-- Generated by org.testng.reporters.JUnitReportReporter -->
<testsuite hostname="PAVILION" failures="0" tests="4" name="rahulshettyacademy.tests.StandAloneTest" time="26.282" errors="0" timestamp="2024-12-25T11:57:14 IST" skipped="0">
  <testcase classname="rahulshettyacademy.tests.StandAloneTest" name="orderHistoryTest" time="4.348"/>
  <testcase classname="rahulshettyacademy.tests.StandAloneTest" name="StandAlone" time="8.373"/>
  <testcase classname="rahulshettyacademy.tests.StandAloneTest" name="StandAlone" time="8.584"/>
  <testcase classname="rahulshettyacademy.tests.StandAloneTest" name="orderHistoryTest" time="4.977"/>
</testsuite> <!-- rahulshettyacademy.tests.StandAloneTest -->
