<?xml version="1.0" encoding="UTF-8"?>
<!-- Generated by org.testng.reporters.JUnitReportReporter -->
<testsuite hostname="PAVILION" failures="0" tests="2" name="rahulshettyacademy.tests.ErrorValidationsTest" time="10.674" errors="0" timestamp="2024-12-25T11:57:14 IST" skipped="0">
  <testcase classname="rahulshettyacademy.tests.ErrorValidationsTest" name="LoginErrorValidation" time="4.788"/>
  <testcase classname="rahulshettyacademy.tests.ErrorValidationsTest" name="ProductErrorValidation" time="5.886"/>
</testsuite> <!-- rahulshettyacademy.tests.ErrorValidationsTest -->
