<?xml version="1.0" encoding="UTF-8"?>
<!-- Generated by org.testng.reporters.JUnitReportReporter -->
<testsuite hostname="PAVILION" failures="0" tests="1" name="Cucumber.TestNGTestRunner" time="9.554" errors="0" timestamp="2024-12-25T12:04:43 IST" skipped="0">
  <testcase classname="Cucumber.TestNGTestRunner" name="runScenario" time="9.554"/>
</testsuite> <!-- Cucumber.TestNGTestRunner -->
